<?xml version="1.0" encoding="UTF-8"?>
<!-- Generated by org.testng.reporters.JUnitReportReporter -->
<testsuite hostname="LAPTOP-A31ORA8J" failures="0" tests="5" name="testCases.LoginTestCases" time="14.619" errors="0" timestamp="2023-03-14T16:10:43 PDT" skipped="4">
  <testcase classname="testCases.LoginTestCases" name="loginSuccessfully" time="14.619"/>
  <system-out/>
  <testcase classname="testCases.LoginTestCases" name="deleteNationality">
    <skipped/>
  </testcase> <!-- deleteNationality -->
  <system-out/>
  <testcase classname="testCases.LoginTestCases" name="randomTesting">
    <skipped/>
  </testcase> <!-- randomTesting -->
  <system-out/>
  <testcase classname="testCases.LoginTestCases" name="addNationality">
    <skipped/>
  </testcase> <!-- addNationality -->
  <system-out/>
  <testcase classname="testCases.LoginTestCases" name="testAdminSystemUserSearch">
    <skipped/>
  </testcase> <!-- testAdminSystemUserSearch -->
  <system-out/>
</testsuite> <!-- testCases.LoginTestCases -->
