<?xml version="1.0" encoding="UTF-8"?>
<!-- Generated by org.testng.reporters.JUnitReportReporter -->
<testsuite hostname="LAPTOP-A31ORA8J" failures="0" tests="2" name="package1Test.testing1Practice" time="0.003" errors="0" timestamp="2023-02-22T17:45:37 PST" skipped="0">
  <testcase classname="package1Test.testing1Practice" name="test1" time="0.002"/>
  <system-out/>
  <testcase classname="package1Test.testing1Practice" name="test2" time="0.001"/>
  <system-out/>
</testsuite> <!-- package1Test.testing1Practice -->
