<?xml version="1.0" encoding="UTF-8"?>
<!-- Generated by org.testng.reporters.JUnitReportReporter -->
<testsuite hostname="LAPTOP-A31ORA8J" failures="0" tests="4" name="package1Test.dataProviderTesting" time="0.014" errors="0" timestamp="2023-02-23T17:25:27 PST" skipped="0">
  <testcase classname="package1Test.dataProviderTesting" name="myTets" time="0.012"/>
  <system-out/>
  <testcase classname="package1Test.dataProviderTesting" name="myTets" time="0.001"/>
  <system-out/>
  <testcase classname="package1Test.dataProviderTesting" name="myTets" time="0.001"/>
  <system-out/>
  <testcase classname="package1Test.dataProviderTesting" name="myTets" time="0.000"/>
  <system-out/>
</testsuite> <!-- package1Test.dataProviderTesting -->
