<?xml version="1.0" encoding="UTF-8"?>
<!-- Generated by org.testng.reporters.JUnitReportReporter -->
<testsuite hostname="LAPTOP-A31ORA8J" failures="0" tests="1" name="package1Test.ParameterizedTest1" time="0.007" errors="0" timestamp="2023-04-04T19:15:28 PDT" skipped="0">
  <testcase classname="package1Test.ParameterizedTest1" name="paratmeterTest" time="0.007"/>
  <system-out/>
</testsuite> <!-- package1Test.ParameterizedTest1 -->
