<?xml version="1.0" encoding="UTF-8"?>
<!-- Generated by org.testng.reporters.JUnitReportReporter -->
<testsuite hostname="LAPTOP-A31ORA8J" failures="0" tests="1" name="package1Test.testinBaseClass" time="5.214" errors="0" timestamp="2023-02-28T16:34:47 PST" skipped="0">
  <testcase classname="package1Test.testinBaseClass" name="test1" time="5.214"/>
  <system-out/>
</testsuite> <!-- package1Test.testinBaseClass -->
