<?xml version="1.0" encoding="UTF-8"?>
<!-- Generated by org.testng.reporters.JUnitReportReporter -->
<testsuite hostname="LAPTOP-A31ORA8J" failures="0" tests="2" name="package1Test.IgnoreTest" time="0.001" errors="0" timestamp="2023-02-22T17:45:36 PST" skipped="1">
  <testcase classname="package1Test.IgnoreTest" name="testPrint2" time="0.001"/>
  <system-out/>
  <testcase classname="package1Test.IgnoreTest" name="testPrint">
    <skipped/>
  </testcase> <!-- testPrint -->
  <system-out/>
</testsuite> <!-- package1Test.IgnoreTest -->
