<?xml version="1.0" encoding="UTF-8"?>
<!-- Generated by org.testng.reporters.JUnitReportReporter -->
<testsuite hostname="LAPTOP-A31ORA8J" failures="0" tests="2" name="package1Test.TestParallel" time="4.991" errors="0" timestamp="2023-02-23T17:06:12 PST" skipped="0">
  <testcase classname="package1Test.TestParallel" name="method1" time="2.497"/>
  <system-out/>
  <testcase classname="package1Test.TestParallel" name="method2" time="2.494"/>
  <system-out/>
</testsuite> <!-- package1Test.TestParallel -->
