<?xml version="1.0" encoding="UTF-8"?>
<!-- Generated by org.testng.reporters.JUnitReportReporter -->
<testsuite hostname="LAPTOP-A31ORA8J" failures="0" tests="3" name="package1Test.dependsOnGroupsTest" time="0.008" errors="0" timestamp="2023-02-22T18:31:08 PST" skipped="1">
  <testcase classname="package1Test.dependsOnGroupsTest" name="test3" time="0.000"/>
  <system-out/>
  <testcase classname="package1Test.dependsOnGroupsTest" name="test1" time="0.008"/>
  <system-out/>
  <testcase classname="package1Test.dependsOnGroupsTest" name="test2" time="0.000">
    <skipped/>
  </testcase> <!-- test2 -->
  <system-out/>
</testsuite> <!-- package1Test.dependsOnGroupsTest -->
